<?xml version="1.0" encoding="UTF-8"?>
<!-- Generated by org.testng.reporters.JUnitReportReporter -->
<testsuite hostname="MCKINLEY-QA5" name="com.learn.automation.selenium.Testfacebook" tests="1" failures="0" timestamp="21 Jun 2018 06:14:12 GMT" time="81.254" errors="0">
  <testcase name="TestFireFox" time="81.254" classname="com.learn.automation.selenium.Testfacebook"/>
</testsuite> <!-- com.learn.automation.selenium.Testfacebook -->
